2025-06-09 10:08:40,576 i-pf4hxxsx C:\Users\saketha.n\.jdks\openjdk-24.0.1\bin\java.exe[27336] WARN  [io.qua.oid.com.run.OidcCommonUtils] (vert.x-eventloop-thread-1) OIDC Server is not available:: io.netty.channel.AbstractChannel$AnnotatedConnectException: Connection refused: getsockopt: localhost/127.0.0.1:8080
Caused by: java.net.ConnectException: Connection refused: getsockopt
	at java.base/sun.nio.ch.Net.pollConnect(Native Method)
	at java.base/sun.nio.ch.Net.pollConnectNow(Net.java:628)
	at java.base/sun.nio.ch.SocketChannelImpl.finishConnect(SocketChannelImpl.java:1046)
	at io.netty.channel.socket.nio.NioSocketChannel.doFinishConnect(NioSocketChannel.java:336)
	at io.netty.channel.nio.AbstractNioChannel$AbstractNioUnsafe.finishConnect(AbstractNioChannel.java:339)
	at io.netty.channel.nio.NioEventLoop.processSelectedKey(NioEventLoop.java:784)
	at io.netty.channel.nio.NioEventLoop.processSelectedKeysPlain(NioEventLoop.java:697)
	at io.netty.channel.nio.NioEventLoop.processSelectedKeys(NioEventLoop.java:660)
	at io.netty.channel.nio.NioEventLoop.run(NioEventLoop.java:562)
	at io.netty.util.concurrent.SingleThreadEventExecutor$4.run(SingleThreadEventExecutor.java:998)
	at io.netty.util.internal.ThreadExecutorMap$2.run(ThreadExecutorMap.java:74)
	at io.netty.util.concurrent.FastThreadLocalRunnable.run(FastThreadLocalRunnable.java:30)
	at java.base/java.lang.Thread.run(Thread.java:1447)

2025-06-09 10:08:40,582 i-pf4hxxsx C:\Users\saketha.n\.jdks\openjdk-24.0.1\bin\java.exe[27336] WARN  [io.qua.oid.run.OidcRecorder] (vert.x-eventloop-thread-1) OIDC server is not available at the 'http://localhost:8080/realms/kyc-realm' URL. Please make sure it is correct. Note it has to end with a realm value if you work with Keycloak, for example: 'https://localhost:8180/auth/realms/quarkus'
2025-06-09 10:08:40,586 i-pf4hxxsx C:\Users\saketha.n\.jdks\openjdk-24.0.1\bin\java.exe[27336] WARN  [io.qua.oid.run.OidcRecorder] (vert.x-eventloop-thread-1) Tenant 'Default': 'OIDC Server is not available'. OIDC server is not available yet, an attempt to connect will be made during the first request. Access to resources protected by this tenant may fail if OIDC server will not become available
2025-06-09 10:08:41,192 i-pf4hxxsx C:\Users\saketha.n\.jdks\openjdk-24.0.1\bin\java.exe[27336] INFO  [io.qua.oid.run.dev.ui.OidcDevUiRecorder] (Quarkus Main Thread) OIDC Dev Console: discovering the provider metadata at http://localhost:8080/realms/kyc-realm/.well-known/openid-configuration
2025-06-09 10:08:41,205 i-pf4hxxsx C:\Users\saketha.n\.jdks\openjdk-24.0.1\bin\java.exe[27336] INFO  [io.qua.oid.run.dev.ui.OidcDevUiRecorder] (Quarkus Main Thread) OIDC metadata can not be discovered: java.util.concurrent.CompletionException: io.netty.channel.AbstractChannel$AnnotatedConnectException: Connection refused: getsockopt: localhost/127.0.0.1:8080
2025-06-09 10:08:41,246 i-pf4hxxsx C:\Users\saketha.n\.jdks\openjdk-24.0.1\bin\java.exe[27336] INFO  [io.quarkus] (Quarkus Main Thread) kycservice 1.0-SNAPSHOT on JVM (powered by Quarkus 3.23.0) started in 3.950s. Listening on: http://localhost:8181
2025-06-09 10:08:41,247 i-pf4hxxsx C:\Users\saketha.n\.jdks\openjdk-24.0.1\bin\java.exe[27336] INFO  [io.quarkus] (Quarkus Main Thread) Profile dev activated. Live Coding activated.
2025-06-09 10:08:41,247 i-pf4hxxsx C:\Users\saketha.n\.jdks\openjdk-24.0.1\bin\java.exe[27336] INFO  [io.quarkus] (Quarkus Main Thread) Installed features: [agroal, cdi, compose, hibernate-orm, hibernate-orm-panache, hibernate-validator, jdbc-mssql, keycloak-authorization, narayana-jta, oidc, rest, rest-jackson, security, smallrye-context-propagation, vertx]
2025-06-09 10:08:43,148 i-pf4hxxsx C:\Users\saketha.n\.jdks\openjdk-24.0.1\bin\java.exe[27336] ERROR [io.qua.hib.orm.run.sch.SchemaManagementIntegrator] (Hibernate post-boot validation thread for <default>) Failed to validate Schema: Schema-validation: missing table [CLNT0001.WSTATUS]
2025-06-09 10:08:44,661 i-pf4hxxsx C:\Users\saketha.n\.jdks\openjdk-24.0.1\bin\java.exe[27336] ERROR [io.qua.hib.orm.run.sch.SchemaManagementIntegrator] (Hibernate post-boot validation thread for <default>) The following SQL may resolve the database issues, as generated by the Hibernate schema migration tool. WARNING: You must manually verify this SQL is correct, this is a best effort guess, do not copy/paste it without verifying that it does what you expect.


    create table CLNT0001.WSTATUS (
        WS_REQUEST_UUID nvarchar(100) not null,
        ASYNC_REQUEST_ID nvarchar(300),
        RELATING_CUSTOMERS nvarchar(2000),
        REQUEST_TIME_END nchar(100),
        REQUEST_TIME_START nchar(100),
        RETURNCODE Integer(100),
        SCORING_DIR nchar(100),
        SCORING_TIME_END nchar(100),
        SCORING_TIME_START nchar(100),
        SERVERNAME nvarchar(300),
        TBQ_FORMID INTEGER(100),
        WS_METHOD_NAME nvarchar(100),
        primary key (WS_REQUEST_UUID)
    );

